<!DOCTYPE html PUBLIC "-//W3C//DTD XHTML 1.1//EN" "http://www.w3.org/TR/xhtml11/DTD/xhtml11.dtd">
<html xmlns="http://www.w3.org/1999/xhtml">
<head>
<meta http-equiv="content-type" content="text/html; charset=UTF-8"/>
<title>TestNG Report</title>
<style type="text/css">table {margin-bottom:10px;border-collapse:collapse;empty-cells:show}th,td {border:1px solid #009;padding:.25em .5em}th {vertical-align:bottom}td {vertical-align:top}table a {font-weight:bold}.stripe td {background-color: #E6EBF9}.num {text-align:right}.passedodd td {background-color: #3F3}.passedeven td {background-color: #0A0}.skippedodd td {background-color: #DDD}.skippedeven td {background-color: #CCC}.failedodd td,.attn {background-color: #F33}.failedeven td,.stripe .attn {background-color: #D00}.stacktrace {white-space:pre;font-family:monospace}.totop {font-size:85%;text-align:center;border-bottom:2px solid #000}.invisible {display:none}</style>
</head>
<body>
<table>
<tr><th>Test</th><th># Passed</th><th># Skipped</th><th># Retried</th><th># Failed</th><th>Time (ms)</th><th>Included Groups</th><th>Excluded Groups</th></tr>
<tr><th colspan="8">Regression</th></tr>
<tr><td><a href="#t0">All Functionalities</a></td><td class="num">23</td><td class="num">0</td><td class="num">0</td><td class="num attn">3</td><td class="num">316,491</td><td></td><td></td></tr>
</table>
<table id='summary'><thead><tr><th>Class</th><th>Method</th><th>Start</th><th>Time (ms)</th></tr></thead><tbody><tr><th colspan="4">Regression</th></tr></tbody><tbody id="t0"><tr><th colspan="4">All Functionalities &#8212; failed</th></tr><tr class="failedeven"><td rowspan="1">scripts._03_EtsyTest</td><td><a href="#m0">testMainHeader</a></td><td rowspan="1">1654976207470</td><td rowspan="1">2456</td></tr><tr class="failedodd"><td rowspan="1">scripts._07_DropdownTest</td><td><a href="#m1">testExpediaDropdowns</a></td><td rowspan="1">1654976252545</td><td rowspan="1">66060</td></tr><tr class="failedeven"><td rowspan="1">scripts._08_Alerts</td><td><a href="#m2">testAmazonAddressModal</a></td><td rowspan="1">1654976380923</td><td rowspan="1">12826</td></tr><tr><th colspan="4">All Functionalities &#8212; passed</th></tr><tr class="passedeven"><td rowspan="1">scripts._01_AppleTest</td><td><a href="#m3">testAppleURL</a></td><td rowspan="1">1654976202139</td><td rowspan="1">970</td></tr><tr class="passedodd"><td rowspan="1">scripts._04_GoogleSearchTest</td><td><a href="#m4">testGoogleStoreLink</a></td><td rowspan="1">1654976214349</td><td rowspan="1">2788</td></tr><tr class="passedeven"><td rowspan="1">scripts._05_CheckBoxTest</td><td><a href="#m5">testCheckBoxInHeroApp</a></td><td rowspan="1">1654976221538</td><td rowspan="1">9118</td></tr><tr class="passedodd"><td rowspan="1">scripts._06_RadioButtonTest</td><td><a href="#m6">testFacebookGenderRadioButtons</a></td><td rowspan="1">1654976234967</td><td rowspan="1">3096</td></tr><tr class="passedeven"><td rowspan="2">scripts._07_DropdownTest</td><td><a href="#m7">testEbayDropdown</a></td><td rowspan="1">1654976322984</td><td rowspan="1">0</td></tr><tr class="passedeven"><td><a href="#m8">testUnsecurePasswordErrorMessage</a></td><td rowspan="1">1654976242335</td><td rowspan="1">5873</td></tr><tr class="passedodd"><td rowspan="4">scripts._08_Alerts</td><td><a href="#m9">testConfirmationAlert</a></td><td rowspan="1">1654976340584</td><td rowspan="1">16346</td></tr><tr class="passedodd"><td><a href="#m10">testEtsySignInModal</a></td><td rowspan="1">1654976327133</td><td rowspan="1">3376</td></tr><tr class="passedodd"><td><a href="#m11">testInformationWarningAlert</a></td><td rowspan="1">1654976335006</td><td rowspan="1">1450</td></tr><tr class="passedodd"><td><a href="#m12">testPromptAlert</a></td><td rowspan="1">1654976361198</td><td rowspan="1">15528</td></tr><tr class="passedeven"><td rowspan="2">scripts._09_IFrames</td><td><a href="#m13">testIFrame1</a></td><td rowspan="1">1654976398016</td><td rowspan="1">11471</td></tr><tr class="passedeven"><td><a href="#m14">testIFrame2</a></td><td rowspan="1">1654976413638</td><td rowspan="1">7049</td></tr><tr class="passedodd"><td rowspan="2">scripts._10_WindowHandles</td><td><a href="#m15">testTechGlobalSchoolFaceBookIcon</a></td><td rowspan="1">1654976424874</td><td rowspan="1">3129</td></tr><tr class="passedodd"><td><a href="#m16">testWindowHandle2</a></td><td rowspan="1">1654976432158</td><td rowspan="1">2127</td></tr><tr class="passedeven"><td rowspan="2">scripts._11_FileUpload</td><td><a href="#m17">testFileDownload</a></td><td rowspan="1">1654976447754</td><td rowspan="1">920</td></tr><tr class="passedeven"><td><a href="#m18">testFileUpload1</a></td><td rowspan="1">1654976438482</td><td rowspan="1">5114</td></tr><tr class="passedodd"><td rowspan="7">scripts._12_Actions_Class</td><td><a href="#m19">clickHoldAndReleasePractice</a></td><td rowspan="1">1654976490183</td><td rowspan="1">2646</td></tr><tr class="passedodd"><td><a href="#m20">clickOnElementPractice</a></td><td rowspan="1">1654976475670</td><td rowspan="1">2897</td></tr><tr class="passedodd"><td><a href="#m21">moveToElementPractice1</a></td><td rowspan="1">1654976452873</td><td rowspan="1">3172</td></tr><tr class="passedodd"><td><a href="#m22">moveToElementPractice2</a></td><td rowspan="1">1654976460283</td><td rowspan="1">10902</td></tr><tr class="passedodd"><td><a href="#m23">practiceKeyDownAndKeyUp</a></td><td rowspan="1">1654976503401</td><td rowspan="1">10046</td></tr><tr class="passedodd"><td><a href="#m24">rightClickPractice</a></td><td rowspan="1">1654976482902</td><td rowspan="1">3056</td></tr><tr class="passedodd"><td><a href="#m25">sendKeysToAnElement</a></td><td rowspan="1">1654976497000</td><td rowspan="1">2190</td></tr></tbody>
</table>
<h2>All Functionalities</h2><h3 id="m0">scripts._03_EtsyTest#testMainHeader</h3><table class="result"><tr><th>Exception</th></tr><tr><td><div class="stacktrace">java.lang.AssertionError: expected [Shop Home Sales!] but found [Father&apos;s Day Gifts]
	at scripts._03_EtsyTest.testMainHeader(_03_EtsyTest.java:85)
	at java.base/java.util.ArrayList.forEach(ArrayList.java:1511)
... Removed 33 stack frames</div></td></tr></table><p class="totop"><a href="#summary">back to summary</a></p>
<h3 id="m1">scripts._07_DropdownTest#testExpediaDropdowns</h3><table class="result"><tr><th>Exception</th></tr><tr><td><div class="stacktrace">org.openqa.selenium.NoSuchElementException: no such element: Unable to locate element: {&quot;method&quot;:&quot;css selector&quot;,&quot;selector&quot;:&quot;#preferred-class-input-trigger&quot;}
  (Session info: chrome=102.0.5005.115)
For documentation on this error, please visit: https://www.seleniumhq.org/exceptions/no_such_element.html
Build info: version: &apos;3.141.59&apos;, revision: &apos;e82be7d358&apos;, time: &apos;2018-11-14T08:17:03&apos;
System info: host: &apos;Uthmans-MacBook-Pro.local&apos;, ip: &apos;2601:244:4801:930:dc8d:bb25:6c60:60db%en0&apos;, os.name: &apos;Mac OS X&apos;, os.arch: &apos;x86_64&apos;, os.version: &apos;12.4&apos;, java.version: &apos;18.0.1&apos;
Driver info: org.openqa.selenium.chrome.ChromeDriver
Capabilities {acceptInsecureCerts: false, browserName: chrome, browserVersion: 102.0.5005.115, chrome: {chromedriverVersion: 102.0.5005.61 (0e59bcc00cc4..., userDataDir: /var/folders/09/rldzht6j09b...}, goog:chromeOptions: {debuggerAddress: localhost:52899}, javascriptEnabled: true, networkConnectionEnabled: false, pageLoadStrategy: normal, platform: MAC, platformName: MAC, proxy: Proxy(), setWindowRect: true, strictFileInteractability: false, timeouts: {implicit: 0, pageLoad: 300000, script: 30000}, unhandledPromptBehavior: dismiss and notify, webauthn:extension:credBlob: true, webauthn:extension:largeBlob: true, webauthn:virtualAuthenticators: true}
Session ID: e66b60338158270abcd899f6953a9ade
*** Element info: {Using=css selector, value=#preferred-class-input-trigger}
	at org.openqa.selenium.remote.http.W3CHttpResponseCodec.createException(W3CHttpResponseCodec.java:187)
	at org.openqa.selenium.remote.http.W3CHttpResponseCodec.decode(W3CHttpResponseCodec.java:122)
	at org.openqa.selenium.remote.http.W3CHttpResponseCodec.decode(W3CHttpResponseCodec.java:49)
	at org.openqa.selenium.remote.HttpCommandExecutor.execute(HttpCommandExecutor.java:158)
	at org.openqa.selenium.remote.service.DriverCommandExecutor.execute(DriverCommandExecutor.java:83)
	at org.openqa.selenium.remote.RemoteWebDriver.execute(RemoteWebDriver.java:552)
	at org.openqa.selenium.remote.RemoteWebDriver.findElement(RemoteWebDriver.java:323)
	at org.openqa.selenium.remote.RemoteWebDriver.findElementByCssSelector(RemoteWebDriver.java:420)
	at org.openqa.selenium.By$ByCssSelector.findElement(By.java:431)
	at org.openqa.selenium.remote.RemoteWebDriver.findElement(RemoteWebDriver.java:315)
	at org.openqa.selenium.support.pagefactory.DefaultElementLocator.findElement(DefaultElementLocator.java:69)
	at org.openqa.selenium.support.pagefactory.internal.LocatingElementHandler.invoke(LocatingElementHandler.java:38)
	at jdk.proxy2/jdk.proxy2.$Proxy9.click(Unknown Source)
	at scripts._07_DropdownTest.testExpediaDropdowns(_07_DropdownTest.java:70)
	at java.base/java.util.ArrayList.forEach(ArrayList.java:1511)
... Removed 31 stack frames</div></td></tr></table><p class="totop"><a href="#summary">back to summary</a></p>
<h3 id="m2">scripts._08_Alerts#testAmazonAddressModal</h3><table class="result"><tr><th>Exception</th></tr><tr><td><div class="stacktrace">java.lang.AssertionError: expected [true] but found [false]
	at scripts._08_Alerts.testAmazonAddressModal(_08_Alerts.java:152)
	at java.base/java.util.ArrayList.forEach(ArrayList.java:1511)
... Removed 32 stack frames</div></td></tr></table><p class="totop"><a href="#summary">back to summary</a></p>
<h3 id="m3">scripts._01_AppleTest#testAppleURL</h3><table class="result"><tr><th class="invisible"/></tr></table><p class="totop"><a href="#summary">back to summary</a></p>
<h3 id="m4">scripts._04_GoogleSearchTest#testGoogleStoreLink</h3><table class="result"><tr><th class="invisible"/></tr></table><p class="totop"><a href="#summary">back to summary</a></p>
<h3 id="m5">scripts._05_CheckBoxTest#testCheckBoxInHeroApp</h3><table class="result"><tr><th class="invisible"/></tr></table><p class="totop"><a href="#summary">back to summary</a></p>
<h3 id="m6">scripts._06_RadioButtonTest#testFacebookGenderRadioButtons</h3><table class="result"><tr><th class="invisible"/></tr></table><p class="totop"><a href="#summary">back to summary</a></p>
<h3 id="m7">scripts._07_DropdownTest#testEbayDropdown</h3><table class="result"><tr><th class="invisible"/></tr></table><p class="totop"><a href="#summary">back to summary</a></p>
<h3 id="m8">scripts._07_DropdownTest#testUnsecurePasswordErrorMessage</h3><table class="result"><tr><th class="invisible"/></tr></table><p class="totop"><a href="#summary">back to summary</a></p>
<h3 id="m9">scripts._08_Alerts#testConfirmationAlert</h3><table class="result"><tr><th class="invisible"/></tr></table><p class="totop"><a href="#summary">back to summary</a></p>
<h3 id="m10">scripts._08_Alerts#testEtsySignInModal</h3><table class="result"><tr><th class="invisible"/></tr></table><p class="totop"><a href="#summary">back to summary</a></p>
<h3 id="m11">scripts._08_Alerts#testInformationWarningAlert</h3><table class="result"><tr><th class="invisible"/></tr></table><p class="totop"><a href="#summary">back to summary</a></p>
<h3 id="m12">scripts._08_Alerts#testPromptAlert</h3><table class="result"><tr><th class="invisible"/></tr></table><p class="totop"><a href="#summary">back to summary</a></p>
<h3 id="m13">scripts._09_IFrames#testIFrame1</h3><table class="result"><tr><th class="invisible"/></tr></table><p class="totop"><a href="#summary">back to summary</a></p>
<h3 id="m14">scripts._09_IFrames#testIFrame2</h3><table class="result"><tr><th class="invisible"/></tr></table><p class="totop"><a href="#summary">back to summary</a></p>
<h3 id="m15">scripts._10_WindowHandles#testTechGlobalSchoolFaceBookIcon</h3><table class="result"><tr><th class="invisible"/></tr></table><p class="totop"><a href="#summary">back to summary</a></p>
<h3 id="m16">scripts._10_WindowHandles#testWindowHandle2</h3><table class="result"><tr><th class="invisible"/></tr></table><p class="totop"><a href="#summary">back to summary</a></p>
<h3 id="m17">scripts._11_FileUpload#testFileDownload</h3><table class="result"><tr><th class="invisible"/></tr></table><p class="totop"><a href="#summary">back to summary</a></p>
<h3 id="m18">scripts._11_FileUpload#testFileUpload1</h3><table class="result"><tr><th class="invisible"/></tr></table><p class="totop"><a href="#summary">back to summary</a></p>
<h3 id="m19">scripts._12_Actions_Class#clickHoldAndReleasePractice</h3><table class="result"><tr><th class="invisible"/></tr></table><p class="totop"><a href="#summary">back to summary</a></p>
<h3 id="m20">scripts._12_Actions_Class#clickOnElementPractice</h3><table class="result"><tr><th class="invisible"/></tr></table><p class="totop"><a href="#summary">back to summary</a></p>
<h3 id="m21">scripts._12_Actions_Class#moveToElementPractice1</h3><table class="result"><tr><th class="invisible"/></tr></table><p class="totop"><a href="#summary">back to summary</a></p>
<h3 id="m22">scripts._12_Actions_Class#moveToElementPractice2</h3><table class="result"><tr><th class="invisible"/></tr></table><p class="totop"><a href="#summary">back to summary</a></p>
<h3 id="m23">scripts._12_Actions_Class#practiceKeyDownAndKeyUp</h3><table class="result"><tr><th class="invisible"/></tr></table><p class="totop"><a href="#summary">back to summary</a></p>
<h3 id="m24">scripts._12_Actions_Class#rightClickPractice</h3><table class="result"><tr><th class="invisible"/></tr></table><p class="totop"><a href="#summary">back to summary</a></p>
<h3 id="m25">scripts._12_Actions_Class#sendKeysToAnElement</h3><table class="result"><tr><th class="invisible"/></tr></table><p class="totop"><a href="#summary">back to summary</a></p>
</body>
</html>
